Info: Starting: Create block symbol file (.bsf)
Info: qsys-generate C:\Users\Estudiante\Desktop\ProyectoMauricio\PROYECTOBE\SISTEMA.qsys --block-symbol-file --output-directory=C:\Users\Estudiante\Desktop\ProyectoMauricio\PROYECTOBE\SISTEMA --family="Cyclone V" --part=5CSXFC6D6F31C6
Progress: Loading PROYECTOBE/SISTEMA.qsys
Progress: Reading input file
Progress: Adding CLOCK_50 [clock_source 17.0]
Progress: Parameterizing module CLOCK_50
Progress: Adding FC28 [altera_avalon_pio 17.0]
Progress: Parameterizing module FC28
Progress: Adding JTAG_UART [altera_avalon_jtag_uart 17.0]
Progress: Parameterizing module JTAG_UART
Progress: Adding LDR [altera_up_avalon_adc 17.0]
Progress: Parameterizing module LDR
Progress: Adding PLL [altera_pll 17.0]
Progress: Parameterizing module PLL
Progress: Adding Procesador1 [altera_nios2_gen2 17.0]
Progress: Parameterizing module Procesador1
Progress: Adding Procesador2 [altera_nios2_gen2 17.0]
Progress: Parameterizing module Procesador2
Progress: Adding SDRAM [altera_avalon_new_sdram_controller 17.0]
Progress: Parameterizing module SDRAM
Progress: Adding SRAM1 [altera_avalon_onchip_memory2 17.0]
Progress: Parameterizing module SRAM1
Progress: Adding SRAM2 [altera_avalon_onchip_memory2 17.0]
Progress: Parameterizing module SRAM2
Progress: Adding TIMER [altera_avalon_timer 17.0]
Progress: Parameterizing module TIMER
Progress: Building connections
Progress: Parameterizing connections
Progress: Validating
Progress: Done reading input file
Info: SISTEMA.JTAG_UART: JTAG UART IP input clock need to be at least double (2x) the operating frequency of JTAG TCK on board
Info: SISTEMA.PLL: The legal reference clock frequency is 5.0 MHz..800.0 MHz
Warning: SISTEMA.PLL: Able to implement PLL - Actual settings differ from Requested settings
Info: SISTEMA.SDRAM: SDRAM Controller will only be supported in Quartus Prime Standard Edition in the future release.
Info: qsys-generate succeeded.
Info: Finished: Create block symbol file (.bsf)
Info: 
Info: Starting: Create HDL design files for synthesis
Info: qsys-generate C:\Users\Estudiante\Desktop\ProyectoMauricio\PROYECTOBE\SISTEMA.qsys --synthesis=VHDL --output-directory=C:\Users\Estudiante\Desktop\ProyectoMauricio\PROYECTOBE\SISTEMA\synthesis --family="Cyclone V" --part=5CSXFC6D6F31C6
Progress: Loading PROYECTOBE/SISTEMA.qsys
Progress: Reading input file
Progress: Adding CLOCK_50 [clock_source 17.0]
Progress: Parameterizing module CLOCK_50
Progress: Adding FC28 [altera_avalon_pio 17.0]
Progress: Parameterizing module FC28
Progress: Adding JTAG_UART [altera_avalon_jtag_uart 17.0]
Progress: Parameterizing module JTAG_UART
Progress: Adding LDR [altera_up_avalon_adc 17.0]
Progress: Parameterizing module LDR
Progress: Adding PLL [altera_pll 17.0]
Progress: Parameterizing module PLL
Progress: Adding Procesador1 [altera_nios2_gen2 17.0]
Progress: Parameterizing module Procesador1
Progress: Adding Procesador2 [altera_nios2_gen2 17.0]
Progress: Parameterizing module Procesador2
Progress: Adding SDRAM [altera_avalon_new_sdram_controller 17.0]
Progress: Parameterizing module SDRAM
Progress: Adding SRAM1 [altera_avalon_onchip_memory2 17.0]
Progress: Parameterizing module SRAM1
Progress: Adding SRAM2 [altera_avalon_onchip_memory2 17.0]
Progress: Parameterizing module SRAM2
Progress: Adding TIMER [altera_avalon_timer 17.0]
Progress: Parameterizing module TIMER
Progress: Building connections
Progress: Parameterizing connections
Progress: Validating
Progress: Done reading input file
Info: SISTEMA.JTAG_UART: JTAG UART IP input clock need to be at least double (2x) the operating frequency of JTAG TCK on board
Info: SISTEMA.PLL: The legal reference clock frequency is 5.0 MHz..800.0 MHz
Warning: SISTEMA.PLL: Able to implement PLL - Actual settings differ from Requested settings
Info: SISTEMA.SDRAM: SDRAM Controller will only be supported in Quartus Prime Standard Edition in the future release.
Info: SISTEMA: Generating SISTEMA "SISTEMA" for QUARTUS_SYNTH
Info: JTAG_UART: Starting RTL generation for module 'SISTEMA_JTAG_UART'
Info: JTAG_UART:   Generation command is [exec C:/intelfpga/17.0/quartus/bin64/perl/bin/perl.exe -I C:/intelfpga/17.0/quartus/bin64/perl/lib -I C:/intelfpga/17.0/quartus/sopc_builder/bin/europa -I C:/intelfpga/17.0/quartus/sopc_builder/bin/perl_lib -I C:/intelfpga/17.0/quartus/sopc_builder/bin -I C:/intelfpga/17.0/quartus/../ip/altera/sopc_builder_ip/common -I C:/intelfpga/17.0/quartus/../ip/altera/sopc_builder_ip/altera_avalon_jtag_uart -- C:/intelfpga/17.0/quartus/../ip/altera/sopc_builder_ip/altera_avalon_jtag_uart/generate_rtl.pl --name=SISTEMA_JTAG_UART --dir=C:/Users/ESTUDI~1/AppData/Local/Temp/alt8271_7837458053218622375.dir/0042_JTAG_UART_gen/ --quartus_dir=C:/intelfpga/17.0/quartus --verilog --config=C:/Users/ESTUDI~1/AppData/Local/Temp/alt8271_7837458053218622375.dir/0042_JTAG_UART_gen//SISTEMA_JTAG_UART_component_configuration.pl  --do_build_sim=0  ]
Info: JTAG_UART: Done RTL generation for module 'SISTEMA_JTAG_UART'
Info: JTAG_UART: "SISTEMA" instantiated altera_avalon_jtag_uart "JTAG_UART"
Info: LDR: Starting Generation of ADC Controller for DE-series Board
Info: LDR: C:/intelfpga/17.0/ip/altera/university_program/input_output/altera_up_avalon_adc/hdl/altera_up_avalon_adv_adc.v C:/Users/ESTUDI~1/AppData/Local/Temp/alt8271_7837458053218622375.dir/0043_sopcgen/SISTEMA_LDR.v
Info: LDR: "SISTEMA" instantiated altera_up_avalon_adc "LDR"
Info: PLL: "SISTEMA" instantiated altera_pll "PLL"
Info: Procesador1: "SISTEMA" instantiated altera_nios2_gen2 "Procesador1"
Info: Procesador2: "SISTEMA" instantiated altera_nios2_gen2 "Procesador2"
Info: SDRAM: Starting RTL generation for module 'SISTEMA_SDRAM'
Info: SDRAM:   Generation command is [exec C:/intelfpga/17.0/quartus/bin64/perl/bin/perl.exe -I C:/intelfpga/17.0/quartus/bin64/perl/lib -I C:/intelfpga/17.0/quartus/sopc_builder/bin/europa -I C:/intelfpga/17.0/quartus/sopc_builder/bin/perl_lib -I C:/intelfpga/17.0/quartus/sopc_builder/bin -I C:/intelfpga/17.0/quartus/../ip/altera/sopc_builder_ip/common -I C:/intelfpga/17.0/quartus/../ip/altera/sopc_builder_ip/altera_avalon_new_sdram_controller -- C:/intelfpga/17.0/quartus/../ip/altera/sopc_builder_ip/altera_avalon_new_sdram_controller/generate_rtl.pl --name=SISTEMA_SDRAM --dir=C:/Users/ESTUDI~1/AppData/Local/Temp/alt8271_7837458053218622375.dir/0047_SDRAM_gen/ --quartus_dir=C:/intelfpga/17.0/quartus --verilog --config=C:/Users/ESTUDI~1/AppData/Local/Temp/alt8271_7837458053218622375.dir/0047_SDRAM_gen//SISTEMA_SDRAM_component_configuration.pl  --do_build_sim=0  ]
Info: SDRAM: Done RTL generation for module 'SISTEMA_SDRAM'
Info: SDRAM: "SISTEMA" instantiated altera_avalon_new_sdram_controller "SDRAM"
Info: SRAM1: Starting RTL generation for module 'SISTEMA_SRAM1'
Info: SRAM1:   Generation command is [exec C:/intelfpga/17.0/quartus/bin64/perl/bin/perl.exe -I C:/intelfpga/17.0/quartus/bin64/perl/lib -I C:/intelfpga/17.0/quartus/sopc_builder/bin/europa -I C:/intelfpga/17.0/quartus/sopc_builder/bin/perl_lib -I C:/intelfpga/17.0/quartus/sopc_builder/bin -I C:/intelfpga/17.0/quartus/../ip/altera/sopc_builder_ip/common -I C:/intelfpga/17.0/quartus/../ip/altera/sopc_builder_ip/altera_avalon_onchip_memory2 -- C:/intelfpga/17.0/quartus/../ip/altera/sopc_builder_ip/altera_avalon_onchip_memory2/generate_rtl.pl --name=SISTEMA_SRAM1 --dir=C:/Users/ESTUDI~1/AppData/Local/Temp/alt8271_7837458053218622375.dir/0048_SRAM1_gen/ --quartus_dir=C:/intelfpga/17.0/quartus --verilog --config=C:/Users/ESTUDI~1/AppData/Local/Temp/alt8271_7837458053218622375.dir/0048_SRAM1_gen//SISTEMA_SRAM1_component_configuration.pl  --do_build_sim=0  ]
Info: SRAM1: Done RTL generation for module 'SISTEMA_SRAM1'
Info: SRAM1: "SISTEMA" instantiated altera_avalon_onchip_memory2 "SRAM1"
Info: SRAM2: Starting RTL generation for module 'SISTEMA_SRAM2'
Info: SRAM2:   Generation command is [exec C:/intelfpga/17.0/quartus/bin64/perl/bin/perl.exe -I C:/intelfpga/17.0/quartus/bin64/perl/lib -I C:/intelfpga/17.0/quartus/sopc_builder/bin/europa -I C:/intelfpga/17.0/quartus/sopc_builder/bin/perl_lib -I C:/intelfpga/17.0/quartus/sopc_builder/bin -I C:/intelfpga/17.0/quartus/../ip/altera/sopc_builder_ip/common -I C:/intelfpga/17.0/quartus/../ip/altera/sopc_builder_ip/altera_avalon_onchip_memory2 -- C:/intelfpga/17.0/quartus/../ip/altera/sopc_builder_ip/altera_avalon_onchip_memory2/generate_rtl.pl --name=SISTEMA_SRAM2 --dir=C:/Users/ESTUDI~1/AppData/Local/Temp/alt8271_7837458053218622375.dir/0049_SRAM2_gen/ --quartus_dir=C:/intelfpga/17.0/quartus --verilog --config=C:/Users/ESTUDI~1/AppData/Local/Temp/alt8271_7837458053218622375.dir/0049_SRAM2_gen//SISTEMA_SRAM2_component_configuration.pl  --do_build_sim=0  ]
Info: SRAM2: Done RTL generation for module 'SISTEMA_SRAM2'
Info: SRAM2: "SISTEMA" instantiated altera_avalon_onchip_memory2 "SRAM2"
Info: TIMER: Starting RTL generation for module 'SISTEMA_TIMER'
Info: TIMER:   Generation command is [exec C:/intelFPGA/17.0/quartus/bin64//perl/bin/perl.exe -I C:/intelFPGA/17.0/quartus/bin64//perl/lib -I C:/intelfpga/17.0/quartus/sopc_builder/bin/europa -I C:/intelfpga/17.0/quartus/sopc_builder/bin/perl_lib -I C:/intelfpga/17.0/quartus/sopc_builder/bin -I C:/intelfpga/17.0/quartus/../ip/altera/sopc_builder_ip/common -I C:/intelfpga/17.0/quartus/../ip/altera/sopc_builder_ip/altera_avalon_timer -- C:/intelfpga/17.0/quartus/../ip/altera/sopc_builder_ip/altera_avalon_timer/generate_rtl.pl --name=SISTEMA_TIMER --dir=C:/Users/ESTUDI~1/AppData/Local/Temp/alt8271_7837458053218622375.dir/0050_TIMER_gen/ --quartus_dir=C:/intelfpga/17.0/quartus --verilog --config=C:/Users/ESTUDI~1/AppData/Local/Temp/alt8271_7837458053218622375.dir/0050_TIMER_gen//SISTEMA_TIMER_component_configuration.pl  --do_build_sim=0  ]
Info: TIMER: Done RTL generation for module 'SISTEMA_TIMER'
Info: TIMER: "SISTEMA" instantiated altera_avalon_timer "TIMER"
Info: avalon_st_adapter: Inserting error_adapter: error_adapter_0
Info: avalon_st_adapter_001: Inserting error_adapter: error_adapter_0
Info: avalon_st_adapter_002: Inserting error_adapter: error_adapter_0
Info: avalon_st_adapter_003: Inserting error_adapter: error_adapter_0
Info: avalon_st_adapter_004: Inserting error_adapter: error_adapter_0
Info: avalon_st_adapter_005: Inserting error_adapter: error_adapter_0
Info: avalon_st_adapter_006: Inserting error_adapter: error_adapter_0
Info: avalon_st_adapter_007: Inserting error_adapter: error_adapter_0
Info: mm_interconnect_0: "SISTEMA" instantiated altera_mm_interconnect "mm_interconnect_0"
Info: irq_mapper: "SISTEMA" instantiated altera_irq_mapper "irq_mapper"
Info: rst_controller: "SISTEMA" instantiated altera_reset_controller "rst_controller"
Info: cpu: Starting RTL generation for module 'SISTEMA_Procesador1_cpu'
Info: cpu:   Generation command is [exec C:/intelFPGA/17.0/quartus/bin64//eperlcmd.exe -I C:/intelFPGA/17.0/quartus/bin64//perl/lib -I C:/intelfpga/17.0/quartus/sopc_builder/bin/europa -I C:/intelfpga/17.0/quartus/sopc_builder/bin/perl_lib -I C:/intelfpga/17.0/quartus/sopc_builder/bin -I C:/intelfpga/17.0/quartus/../ip/altera/nios2_ip/altera_nios2_gen2/cpu_lib -I C:/intelfpga/17.0/quartus/../ip/altera/nios2_ip/altera_nios2_gen2/nios_lib -I C:/intelfpga/17.0/quartus/../ip/altera/nios2_ip/altera_nios2_gen2 -I C:/intelfpga/17.0/quartus/../ip/altera/nios2_ip/altera_nios2_gen2 -- C:/intelfpga/17.0/quartus/../ip/altera/nios2_ip/altera_nios2_gen2/generate_rtl.epl --name=SISTEMA_Procesador1_cpu --dir=C:/Users/ESTUDI~1/AppData/Local/Temp/alt8271_7837458053218622375.dir/0053_cpu_gen/ --quartus_bindir=C:/intelFPGA/17.0/quartus/bin64/ --verilog --config=C:/Users/ESTUDI~1/AppData/Local/Temp/alt8271_7837458053218622375.dir/0053_cpu_gen//SISTEMA_Procesador1_cpu_processor_configuration.pl  --do_build_sim=0  ]
Info: cpu: # 2020.01.10 11:50:51 (*) Starting Nios II generation
Info: cpu: # 2020.01.10 11:50:51 (*)   Checking for plaintext license.
Info: cpu: # 2020.01.10 11:50:52 (*)   Plaintext license not found.
Info: cpu: # 2020.01.10 11:50:52 (*)   No license required to generate encrypted Nios II/e.
Info: cpu: # 2020.01.10 11:50:52 (*)   Elaborating CPU configuration settings
Info: cpu: # 2020.01.10 11:50:52 (*)   Creating all objects for CPU
Info: cpu: # 2020.01.10 11:50:53 (*)   Generating RTL from CPU objects
Info: cpu: # 2020.01.10 11:50:53 (*)   Creating plain-text RTL
Info: cpu: # 2020.01.10 11:50:54 (*) Done Nios II generation
Info: cpu: Done RTL generation for module 'SISTEMA_Procesador1_cpu'
Info: cpu: "Procesador1" instantiated altera_nios2_gen2_unit "cpu"
Info: cpu: Starting RTL generation for module 'SISTEMA_Procesador2_cpu'
Info: cpu:   Generation command is [exec C:/intelFPGA/17.0/quartus/bin64//eperlcmd.exe -I C:/intelFPGA/17.0/quartus/bin64//perl/lib -I C:/intelfpga/17.0/quartus/sopc_builder/bin/europa -I C:/intelfpga/17.0/quartus/sopc_builder/bin/perl_lib -I C:/intelfpga/17.0/quartus/sopc_builder/bin -I C:/intelfpga/17.0/quartus/../ip/altera/nios2_ip/altera_nios2_gen2/cpu_lib -I C:/intelfpga/17.0/quartus/../ip/altera/nios2_ip/altera_nios2_gen2/nios_lib -I C:/intelfpga/17.0/quartus/../ip/altera/nios2_ip/altera_nios2_gen2 -I C:/intelfpga/17.0/quartus/../ip/altera/nios2_ip/altera_nios2_gen2 -- C:/intelfpga/17.0/quartus/../ip/altera/nios2_ip/altera_nios2_gen2/generate_rtl.epl --name=SISTEMA_Procesador2_cpu --dir=C:/Users/ESTUDI~1/AppData/Local/Temp/alt8271_7837458053218622375.dir/0054_cpu_gen/ --quartus_bindir=C:/intelFPGA/17.0/quartus/bin64/ --verilog --config=C:/Users/ESTUDI~1/AppData/Local/Temp/alt8271_7837458053218622375.dir/0054_cpu_gen//SISTEMA_Procesador2_cpu_processor_configuration.pl  --do_build_sim=0  ]
Info: cpu: # 2020.01.10 11:50:54 (*) Starting Nios II generation
Info: cpu: # 2020.01.10 11:50:54 (*)   Checking for plaintext license.
Info: cpu: # 2020.01.10 11:50:55 (*)   Plaintext license not found.
Info: cpu: # 2020.01.10 11:50:55 (*)   No license required to generate encrypted Nios II/e.
Info: cpu: # 2020.01.10 11:50:55 (*)   Elaborating CPU configuration settings
Info: cpu: # 2020.01.10 11:50:55 (*)   Creating all objects for CPU
Info: cpu: # 2020.01.10 11:50:56 (*)   Generating RTL from CPU objects
Info: cpu: # 2020.01.10 11:50:56 (*)   Creating plain-text RTL
Info: cpu: # 2020.01.10 11:50:57 (*) Done Nios II generation
Info: cpu: Done RTL generation for module 'SISTEMA_Procesador2_cpu'
Info: cpu: "Procesador2" instantiated altera_nios2_gen2_unit "cpu"
Info: Procesador1_data_master_translator: "mm_interconnect_0" instantiated altera_merlin_master_translator "Procesador1_data_master_translator"
Info: LDR_adc_slave_translator: "mm_interconnect_0" instantiated altera_merlin_slave_translator "LDR_adc_slave_translator"
Info: Procesador1_data_master_agent: "mm_interconnect_0" instantiated altera_merlin_master_agent "Procesador1_data_master_agent"
Info: LDR_adc_slave_agent: "mm_interconnect_0" instantiated altera_merlin_slave_agent "LDR_adc_slave_agent"
Info: LDR_adc_slave_agent_rsp_fifo: "mm_interconnect_0" instantiated altera_avalon_sc_fifo "LDR_adc_slave_agent_rsp_fifo"
Info: router: "mm_interconnect_0" instantiated altera_merlin_router "router"
Info: router_001: "mm_interconnect_0" instantiated altera_merlin_router "router_001"
Info: router_002: "mm_interconnect_0" instantiated altera_merlin_router "router_002"
Info: router_003: "mm_interconnect_0" instantiated altera_merlin_router "router_003"
Info: router_004: "mm_interconnect_0" instantiated altera_merlin_router "router_004"
Info: router_005: "mm_interconnect_0" instantiated altera_merlin_router "router_005"
Info: router_006: "mm_interconnect_0" instantiated altera_merlin_router "router_006"
Info: router_008: "mm_interconnect_0" instantiated altera_merlin_router "router_008"
Info: router_010: "mm_interconnect_0" instantiated altera_merlin_router "router_010"
Info: SDRAM_s1_burst_adapter: "mm_interconnect_0" instantiated altera_merlin_burst_adapter "SDRAM_s1_burst_adapter"
Info: cmd_demux: "mm_interconnect_0" instantiated altera_merlin_demultiplexer "cmd_demux"
Info: cmd_demux_001: "mm_interconnect_0" instantiated altera_merlin_demultiplexer "cmd_demux_001"
Info: cmd_demux_002: "mm_interconnect_0" instantiated altera_merlin_demultiplexer "cmd_demux_002"
Info: cmd_mux: "mm_interconnect_0" instantiated altera_merlin_multiplexer "cmd_mux"
Info: cmd_mux_001: "mm_interconnect_0" instantiated altera_merlin_multiplexer "cmd_mux_001"
Info: Reusing file C:/Users/Estudiante/Desktop/ProyectoMauricio/PROYECTOBE/SISTEMA/synthesis/submodules/altera_merlin_arbitrator.sv
Info: rsp_demux: "mm_interconnect_0" instantiated altera_merlin_demultiplexer "rsp_demux"
Info: rsp_mux: "mm_interconnect_0" instantiated altera_merlin_multiplexer "rsp_mux"
Info: Reusing file C:/Users/Estudiante/Desktop/ProyectoMauricio/PROYECTOBE/SISTEMA/synthesis/submodules/altera_merlin_arbitrator.sv
Info: rsp_mux_001: "mm_interconnect_0" instantiated altera_merlin_multiplexer "rsp_mux_001"
Info: Reusing file C:/Users/Estudiante/Desktop/ProyectoMauricio/PROYECTOBE/SISTEMA/synthesis/submodules/altera_merlin_arbitrator.sv
Info: rsp_mux_002: "mm_interconnect_0" instantiated altera_merlin_multiplexer "rsp_mux_002"
Info: Reusing file C:/Users/Estudiante/Desktop/ProyectoMauricio/PROYECTOBE/SISTEMA/synthesis/submodules/altera_merlin_arbitrator.sv
Info: SDRAM_s1_rsp_width_adapter: "mm_interconnect_0" instantiated altera_merlin_width_adapter "SDRAM_s1_rsp_width_adapter"
Info: Reusing file C:/Users/Estudiante/Desktop/ProyectoMauricio/PROYECTOBE/SISTEMA/synthesis/submodules/altera_merlin_address_alignment.sv
Info: Reusing file C:/Users/Estudiante/Desktop/ProyectoMauricio/PROYECTOBE/SISTEMA/synthesis/submodules/altera_merlin_burst_uncompressor.sv
Info: avalon_st_adapter: "mm_interconnect_0" instantiated altera_avalon_st_adapter "avalon_st_adapter"
Info: avalon_st_adapter_004: "mm_interconnect_0" instantiated altera_avalon_st_adapter "avalon_st_adapter_004"
Info: error_adapter_0: "avalon_st_adapter" instantiated error_adapter "error_adapter_0"
Info: error_adapter_0: "avalon_st_adapter_004" instantiated error_adapter "error_adapter_0"
Info: SISTEMA: Done "SISTEMA" with 44 modules, 80 files
Info: qsys-generate succeeded.
Info: Finished: Create HDL design files for synthesis
